[ECMWF-INFO -ecepilog] ----------------------------------------------------------------------------------------------------
[ECMWF-INFO -ecepilog] This is the ECMWF job Epilogue
[ECMWF-INFO -ecepilog] +++ Please report issues using the Support portal +++
[ECMWF-INFO -ecepilog] +++ https://support.ecmwf.int                     +++
[ECMWF-INFO -ecepilog] ----------------------------------------------------------------------------------------------------
[ECMWF-INFO -ecepilog] Run at 2025-02-04T11:15:30 on ac
[ECMWF-INFO -ecepilog] JobName                   : bash
[ECMWF-INFO -ecepilog] JobID                     : 36029415
[ECMWF-INFO -ecepilog] Submit                    : 2025-02-04T09:15:06
[ECMWF-INFO -ecepilog] Start                     : 2025-02-04T09:15:16
[ECMWF-INFO -ecepilog] End                       : 2025-02-04T11:15:30
[ECMWF-INFO -ecepilog] QueuedTime                : 10.0
[ECMWF-INFO -ecepilog] ElapsedRaw                : 7214
[ECMWF-INFO -ecepilog] ExitCode                  : 0:0
[ECMWF-INFO -ecepilog] DerivedExitCode           : 0:0
[ECMWF-INFO -ecepilog] State                     : TIMEOUT
[ECMWF-INFO -ecepilog] Account                   : ecsys
[ECMWF-INFO -ecepilog] QOS                       : ng
[ECMWF-INFO -ecepilog] User                      : ecm3052
[ECMWF-INFO -ecepilog] StdOut                    : /lus/h2resw01/hpcperm/ecm3052/anemoi/anemoi-core/slurm-36029415.out
[ECMWF-INFO -ecepilog] StdErr                    : /lus/h2resw01/hpcperm/ecm3052/anemoi/anemoi-core/slurm-36029415.out
[ECMWF-INFO -ecepilog] NNodes                    : 1
[ECMWF-INFO -ecepilog] NCPUS                     : 64
[ECMWF-INFO -ecepilog] SBU                       : 1094.198
[ECMWF-INFO -ecepilog] jobtag                    : ecm3052-bash-1x64-/lus/h2resw01/hpcperm/ecm3052/anemoi/anemoi-core/slurm-_JOBID_.out
[ECMWF-INFO -ecepilog] ----------------------------------------------------------------------------------------------------
