[ECMWF-INFO -ecepilog] ----------------------------------------------------------------------------------------------------
[ECMWF-INFO -ecepilog] This is the ECMWF job Epilogue
[ECMWF-INFO -ecepilog] +++ Please report issues using the Support portal +++
[ECMWF-INFO -ecepilog] +++ https://support.ecmwf.int                     +++
[ECMWF-INFO -ecepilog] ----------------------------------------------------------------------------------------------------
[ECMWF-INFO -ecepilog] Run at 2025-03-20T17:20:33 on ac
[ECMWF-INFO -ecepilog] JobName                   : bash
[ECMWF-INFO -ecepilog] JobID                     : 32420708
[ECMWF-INFO -ecepilog] Submit                    : 2025-03-20T12:13:40
[ECMWF-INFO -ecepilog] Start                     : 2025-03-20T12:13:51
[ECMWF-INFO -ecepilog] End                       : 2025-03-20T17:20:33
[ECMWF-INFO -ecepilog] QueuedTime                : 11.0
[ECMWF-INFO -ecepilog] ElapsedRaw                : 18402
[ECMWF-INFO -ecepilog] ExitCode                  : 0:9
[ECMWF-INFO -ecepilog] DerivedExitCode           : 0:9
[ECMWF-INFO -ecepilog] State                     : FAILED
[ECMWF-INFO -ecepilog] Account                   : ecrdmomu
[ECMWF-INFO -ecepilog] QOS                       : ng
[ECMWF-INFO -ecepilog] User                      : momc
[ECMWF-INFO -ecepilog] StdOut                    : /etc/ecmwf/nfs/dh1_perm_a/momc/anemoi-core/slurm-32420708.out
[ECMWF-INFO -ecepilog] StdErr                    : /etc/ecmwf/nfs/dh1_perm_a/momc/anemoi-core/slurm-32420708.out
[ECMWF-INFO -ecepilog] NNodes                    : 1
[ECMWF-INFO -ecepilog] NCPUS                     : 8
[ECMWF-INFO -ecepilog] SBU                       : 348.895
[ECMWF-INFO -ecepilog] jobtag                    : momc-bash-1x8-/etc/ecmwf/nfs/dh1_perm_a/momc/anemoi-core/slurm-_JOBID_.out
[ECMWF-INFO -ecepilog] ----------------------------------------------------------------------------------------------------

